<?xml version="1.0" encoding="UTF-8"?>
<!-- Generated by org.testng.reporters.JUnitXMLReporter -->
<testsuite ignored="0" hostname="DESKTOP-ANR6LII" failures="0" tests="4" name="Test" time="132.57" errors="0" timestamp="28 Aug 2019 17:10:44 GMT">
  <testcase classname="practice.AppiumFramework.ecommerce_tc_4" name="totalValidation" time="38.3"/>
  <testcase classname="practice.AppiumFramework.ApiDemoTest" name="apiDemo" time="31.113"/>
  <testcase classname="practice.AppiumFramework.ApiDemoTest" name="apiDemo" time="29.442"/>
  <testcase classname="practice.AppiumFramework.ApiDemoTest" name="apiDemo" time="30.622"/>
</testsuite> <!-- Test -->
