<?xml version="1.0" encoding="UTF-8"?>
<testsuite xmlns:xsi="http://www.w3.org/2001/XMLSchema-instance" xsi:noNamespaceSchemaLocation="https://maven.apache.org/surefire/maven-surefire-plugin/xsd/surefire-test-report-3.0.xsd" version="3.0" name="TestSuite" time="131.073" tests="4" errors="0" skipped="0" failures="0">
  <properties>
[...]
</properties>
  <testcase name="totalValidation" classname="practice.AppiumFramework.ecommerce_tc_4" time="40.193"/>
  <testcase name="apiDemo" classname="practice.AppiumFramework.ApiDemoTest" time="28.108"/>
  <testcase name="apiDemo" classname="practice.AppiumFramework.ApiDemoTest" time="28.625"/>
  <testcase name="apiDemo" classname="practice.AppiumFramework.ApiDemoTest" time="28.132"/>
</testsuite>