<?xml version="1.0" encoding="UTF-8"?>
<testng-results skipped="0" failed="0" ignored="0" total="4" passed="4">
  <reporter-output>
  </reporter-output>
  <suite name="Suite" duration-ms="128121" started-at="2019-08-28T17:11:36Z" finished-at="2019-08-28T17:13:45Z">
    <groups>
    </groups>
    <test name="Test" duration-ms="128121" started-at="2019-08-28T17:11:36Z" finished-at="2019-08-28T17:13:45Z">
      <class name="practice.AppiumFramework.ecommerce_tc_4">
        <test-method status="PASS" signature="killAllNodes()[pri:0, instance:practice.AppiumFramework.ecommerce_tc_4@66a3ffec]" name="killAllNodes" is-config="true" duration-ms="3032" started-at="2019-08-28T17:11:36Z" finished-at="2019-08-28T17:11:39Z">
          <reporter-output>
          </reporter-output>
        </test-method> <!-- killAllNodes -->
        <test-method status="PASS" signature="totalValidation()[pri:0, instance:practice.AppiumFramework.ecommerce_tc_4@66a3ffec]" name="totalValidation" duration-ms="40193" started-at="2019-08-28T17:11:40Z" finished-at="2019-08-28T17:12:20Z">
          <reporter-output>
          </reporter-output>
        </test-method> <!-- totalValidation -->
      </class> <!-- practice.AppiumFramework.ecommerce_tc_4 -->
      <class name="practice.AppiumFramework.ApiDemoTest">
        <test-method status="PASS" signature="apiDemo(java.lang.String)[pri:0, instance:practice.AppiumFramework.ApiDemoTest@77caeb3e]" name="apiDemo" duration-ms="28108" started-at="2019-08-28T17:12:20Z" data-provider="InputData" finished-at="2019-08-28T17:12:48Z">
          <params>
            <param index="0">
              <value>
                <![CDATA[Subrat]]>
              </value>
            </param>
          </params>
          <reporter-output>
          </reporter-output>
        </test-method> <!-- apiDemo -->
        <test-method status="PASS" signature="apiDemo(java.lang.String)[pri:0, instance:practice.AppiumFramework.ApiDemoTest@77caeb3e]" name="apiDemo" duration-ms="28625" started-at="2019-08-28T17:12:48Z" data-provider="InputData" finished-at="2019-08-28T17:13:16Z">
          <params>
            <param index="0">
              <value>
                <![CDATA[!@#$$%^&]]>
              </value>
            </param>
          </params>
          <reporter-output>
          </reporter-output>
        </test-method> <!-- apiDemo -->
        <test-method status="PASS" signature="apiDemo(java.lang.String)[pri:0, instance:practice.AppiumFramework.ApiDemoTest@77caeb3e]" name="apiDemo" duration-ms="28132" started-at="2019-08-28T17:13:16Z" data-provider="InputData" finished-at="2019-08-28T17:13:45Z">
          <params>
            <param index="0">
              <value>
                <![CDATA[Awqe23145!@#]]>
              </value>
            </param>
          </params>
          <reporter-output>
          </reporter-output>
        </test-method> <!-- apiDemo -->
      </class> <!-- practice.AppiumFramework.ApiDemoTest -->
    </test> <!-- Test -->
  </suite> <!-- Suite -->
</testng-results>
