<?xml version="1.0" encoding="UTF-8"?>
<!-- Generated by org.testng.reporters.JUnitXMLReporter -->
<testsuite hostname="DESKTOP-ANR6LII" ignored="0" name="Test" tests="4" failures="0" timestamp="28 Aug 2019 17:13:45 GMT" time="128.121" errors="0">
  <testcase name="totalValidation" time="40.193" classname="practice.AppiumFramework.ecommerce_tc_4"/>
  <testcase name="apiDemo" time="28.108" classname="practice.AppiumFramework.ApiDemoTest"/>
  <testcase name="apiDemo" time="28.625" classname="practice.AppiumFramework.ApiDemoTest"/>
  <testcase name="apiDemo" time="28.132" classname="practice.AppiumFramework.ApiDemoTest"/>
</testsuite> <!-- Test -->
