<?xml version="1.0" encoding="UTF-8"?>
<testng-results ignored="0" total="1" passed="1" failed="0" skipped="0">
  <reporter-output>
  </reporter-output>
  <suite started-at="2019-08-04T10:39:57Z" name="Default suite" finished-at="2019-08-04T10:39:57Z" duration-ms="47">
    <groups>
    </groups>
    <test started-at="2019-08-04T10:39:57Z" name="Default test" finished-at="2019-08-04T10:39:57Z" duration-ms="47">
      <class name="test.test1">
        <test-method signature="Demo()[pri:0, instance:test.test1@40e6dfe1]" started-at="2019-08-04T10:39:57Z" name="Demo" finished-at="2019-08-04T10:39:57Z" duration-ms="15" status="PASS">
          <reporter-output>
          </reporter-output>
        </test-method> <!-- Demo -->
      </class> <!-- test.test1 -->
    </test> <!-- Default test -->
  </suite> <!-- Default suite -->
</testng-results>
